<?xml version="1.0" encoding="UTF-8"?>
<testng-results skipped="0" failed="0" ignored="0" total="2" passed="2">
  <reporter-output>
  </reporter-output>
  <suite name="Default suite" duration-ms="13464" started-at="2022-04-27T01:24:19 EDT" finished-at="2022-04-27T01:24:33 EDT">
    <groups>
    </groups>
    <test name="Default test" duration-ms="13464" started-at="2022-04-27T01:24:19 EDT" finished-at="2022-04-27T01:24:33 EDT">
      <class name="test.AddCustomerTest">
        <test-method status="PASS" signature="ValidUserSouldBeAbleToAddCustomer()[pri:0, instance:test.AddCustomerTest@646d64ab]" name="ValidUserSouldBeAbleToAddCustomer" duration-ms="8201" started-at="2022-04-27T01:24:19 EDT" finished-at="2022-04-27T01:24:27 EDT">
          <reporter-output>
          </reporter-output>
        </test-method> <!-- ValidUserSouldBeAbleToAddCustomer -->
      </class> <!-- test.AddCustomerTest -->
      <class name="test.LoginTest">
        <test-method status="PASS" signature="ValidUserShouldBeAbleToLogin()[pri:0, instance:test.LoginTest@458c1321]" name="ValidUserShouldBeAbleToLogin" duration-ms="5215" started-at="2022-04-27T01:24:27 EDT" finished-at="2022-04-27T01:24:33 EDT">
          <reporter-output>
          </reporter-output>
        </test-method> <!-- ValidUserShouldBeAbleToLogin -->
      </class> <!-- test.LoginTest -->
    </test> <!-- Default test -->
  </suite> <!-- Default suite -->
</testng-results>
